#-----------------------------------------------------------
# Vivado v2018.2 (64-bit)
# SW Build 2258646 on Thu Jun 14 20:03:12 MDT 2018
# IP Build 2256618 on Thu Jun 14 22:10:49 MDT 2018
# Start of session at: Tue Apr  5 02:03:43 2022
# Process ID: 10780
# Current directory: C:/Users/denni/Desktop/SoundDisplay
# Command line: vivado.exe -gui_launcher_event rodinguilauncherevent6196 C:\Users\denni\Desktop\SoundDisplay\SoundDisplay.xpr
# Log file: C:/Users/denni/Desktop/SoundDisplay/vivado.log
# Journal file: C:/Users/denni/Desktop/SoundDisplay\vivado.jou
#-----------------------------------------------------------
start_gui
open_project C:/Users/denni/Desktop/SoundDisplay/SoundDisplay.xpr
INFO: [Project 1-313] Project file moved from 'C:/Users/denni/AppData/Roaming/Xilinx/Vivado/.Xil/Vivado-6196-DESKTOP-LGI8I86/PrjAr/_X_' since last save.
Scanning sources...
Finished scanning sources
INFO: [IP_Flow 19-234] Refreshing IP repositories
INFO: [IP_Flow 19-1704] No user IP repositories specified
INFO: [IP_Flow 19-2313] Loaded Vivado IP repository 'C:/Users/denni/Vivado/2018.2/data/ip'.
open_project: Time (s): cpu = 00:00:11 ; elapsed = 00:00:06 . Memory (MB): peak = 916.664 ; gain = 180.453
